TEST/app/build/intermediates/manifest_merge_blame_file/debug/manifest-merger-blame-debug-report.txt
1<?xml version="1.0" encoding="utf-8"?>
2<manifest xmlns:android="http://schemas.android.com/apk/res/android"
3    package="com.example.testapp"
4    android:versionCode="1"
5    android:versionName="1.0" >
6
7    <uses-sdk
8        android:minSdkVersion="16"
8-->src\main\AndroidManifest.xml
9        android:targetSdkVersion="29" />
9-->src\main\AndroidManifest.xml
10
11    <uses-permission android:name="android.permission.ACCESS_NETWORK_STATE" />
11-->src\main\AndroidManifest.xml:49:5-79
11-->src\main\AndroidManifest.xml:49:22-76
12    <uses-permission android:name="android.permission.INTERNET" />
12-->src\main\AndroidManifest.xml:51:5-67
12-->src\main\AndroidManifest.xml:51:22-64
13    <uses-permission android:name="android.permission.WAKE_LOCK" /> <!-- Required by older versions of Google Play services to create IID tokens -->
13-->[com.google.android.gms:play-services-measurement-api:17.2.1] AndroidManifest.xml:24:5-68
13-->[com.google.android.gms:play-services-measurement-api:17.2.1] AndroidManifest.xml:24:22-65
14    <uses-permission android:name="com.google.android.c2dm.permission.RECEIVE" />
14-->[com.google.firebase:firebase-iid:20.0.0] AndroidManifest.xml:26:5-82
14-->[com.google.firebase:firebase-iid:20.0.0] AndroidManifest.xml:26:22-79
15    <uses-permission android:name="com.google.android.finsky.permission.BIND_GET_INSTALL_REFERRER_SERVICE" />
15-->[com.google.android.gms:play-services-measurement:17.2.1] AndroidManifest.xml:26:5-110
15-->[com.google.android.gms:play-services-measurement:17.2.1] AndroidManifest.xml:26:22-107
16
17    <application
17-->src\main\AndroidManifest.xml:6:5-48:19
18        android:allowBackup="true"
18-->src\main\AndroidManifest.xml:7:9-35
19        android:appComponentFactory="androidx.core.app.CoreComponentFactory"
19-->[androidx.core:core:1.3.1] AndroidManifest.xml:24:18-86
20        android:debuggable="true"
21        android:icon="@mipmap/ic_launcher"
21-->src\main\AndroidManifest.xml:8:9-43
22        android:label="@string/app_name"
22-->src\main\AndroidManifest.xml:9:9-41
23        android:roundIcon="@mipmap/ic_launcher_round"
23-->src\main\AndroidManifest.xml:10:9-54
24        android:supportsRtl="true"
24-->src\main\AndroidManifest.xml:11:9-35
25        android:theme="@style/AppTheme" >
25-->src\main\AndroidManifest.xml:12:9-40
26        <activity android:name="com.example.testapp.Registration" />
26-->src\main\AndroidManifest.xml:13:9-59
26-->src\main\AndroidManifest.xml:13:19-47
27        <activity
27-->src\main\AndroidManifest.xml:14:9-17:59
28            android:name="com.example.testapp.Profile.Home"
28-->src\main\AndroidManifest.xml:15:13-41
29            android:label="@string/title_activity_home"
29-->src\main\AndroidManifest.xml:16:13-56
30            android:theme="@style/AppTheme.NoActionBar" />
30-->src\main\AndroidManifest.xml:17:13-56
31        <activity android:name="com.example.testapp.Profile.ProfileDetails" />
31-->src\main\AndroidManifest.xml:18:9-60
31-->src\main\AndroidManifest.xml:18:19-57
32        <activity
32-->src\main\AndroidManifest.xml:19:9-22:48
33            android:name="com.facebook.FacebookActivity"
33-->src\main\AndroidManifest.xml:20:13-57
34            android:configChanges="keyboard|keyboardHidden|screenLayout|screenSize|orientation"
34-->src\main\AndroidManifest.xml:21:13-96
35            android:label="@string/app_name"
35-->src\main\AndroidManifest.xml:22:13-45
36            android:theme="@style/com_facebook_activity_theme" />
36-->[com.facebook.android:facebook-common:4.42.0] AndroidManifest.xml:32:13-63
37        <activity
37-->src\main\AndroidManifest.xml:23:9-36:20
38            android:name="com.facebook.CustomTabActivity"
38-->src\main\AndroidManifest.xml:24:13-58
39            android:exported="true" >
39-->src\main\AndroidManifest.xml:25:13-36
40            <intent-filter>
40-->src\main\AndroidManifest.xml:26:13-35:29
41                <action android:name="android.intent.action.VIEW" />
41-->src\main\AndroidManifest.xml:27:17-69
41-->src\main\AndroidManifest.xml:27:25-66
42
43                <category android:name="android.intent.category.DEFAULT" />
43-->src\main\AndroidManifest.xml:29:17-76
43-->src\main\AndroidManifest.xml:29:27-73
44                <category android:name="android.intent.category.BROWSABLE" />
44-->src\main\AndroidManifest.xml:30:17-78
44-->src\main\AndroidManifest.xml:30:27-75
45
46                <data android:scheme="@string/fb_login_protocol_scheme" />
46-->src\main\AndroidManifest.xml:32:17-34:54
46-->src\main\AndroidManifest.xml:33:21-70
47            </intent-filter>
48        </activity>
49        <activity android:name="com.example.testapp.MainActivity" >
49-->src\main\AndroidManifest.xml:37:9-43:20
49-->src\main\AndroidManifest.xml:37:19-47
50            <intent-filter>
50-->src\main\AndroidManifest.xml:38:13-42:29
51                <action android:name="android.intent.action.MAIN" />
51-->src\main\AndroidManifest.xml:39:17-69
51-->src\main\AndroidManifest.xml:39:25-66
52
53                <category android:name="android.intent.category.LAUNCHER" />
53-->src\main\AndroidManifest.xml:41:17-77
53-->src\main\AndroidManifest.xml:41:27-74
54            </intent-filter>
55        </activity>
56
57        <meta-data
57-->src\main\AndroidManifest.xml:45:9-47:55
58            android:name="com.facebook.sdk.ApplicationId"
58-->src\main\AndroidManifest.xml:46:13-58
59            android:value="@string/facebook_app_id" />
59-->src\main\AndroidManifest.xml:47:13-52
60
61        <activity android:name="com.facebook.CustomTabMainActivity" />
61-->[com.facebook.android:facebook-common:4.42.0] AndroidManifest.xml:33:9-71
61-->[com.facebook.android:facebook-common:4.42.0] AndroidManifest.xml:33:19-68
62        <activity
62-->[com.google.firebase:firebase-auth:20.0.2] AndroidManifest.xml:27:9-44:20
63            android:name="com.google.firebase.auth.internal.GenericIdpActivity"
63-->[com.google.firebase:firebase-auth:20.0.2] AndroidManifest.xml:28:13-80
64            android:excludeFromRecents="true"
64-->[com.google.firebase:firebase-auth:20.0.2] AndroidManifest.xml:29:13-46
65            android:exported="true"
65-->[com.google.firebase:firebase-auth:20.0.2] AndroidManifest.xml:30:13-36
66            android:launchMode="singleTask"
66-->[com.google.firebase:firebase-auth:20.0.2] AndroidManifest.xml:31:13-44
67            android:theme="@android:style/Theme.Translucent.NoTitleBar" >
67-->[com.google.firebase:firebase-auth:20.0.2] AndroidManifest.xml:32:13-72
68            <intent-filter>
68-->[com.google.firebase:firebase-auth:20.0.2] AndroidManifest.xml:33:13-43:29
69                <action android:name="android.intent.action.VIEW" />
69-->src\main\AndroidManifest.xml:27:17-69
69-->src\main\AndroidManifest.xml:27:25-66
70
71                <category android:name="android.intent.category.DEFAULT" />
71-->src\main\AndroidManifest.xml:29:17-76
71-->src\main\AndroidManifest.xml:29:27-73
72                <category android:name="android.intent.category.BROWSABLE" />
72-->src\main\AndroidManifest.xml:30:17-78
72-->src\main\AndroidManifest.xml:30:27-75
73
74                <data
74-->src\main\AndroidManifest.xml:32:17-34:54
75                    android:host="firebase.auth"
76                    android:path="/"
77                    android:scheme="genericidp" />
77-->src\main\AndroidManifest.xml:33:21-70
78            </intent-filter>
79        </activity>
80        <activity
80-->[com.google.firebase:firebase-auth:20.0.2] AndroidManifest.xml:45:9-62:20
81            android:name="com.google.firebase.auth.internal.RecaptchaActivity"
81-->[com.google.firebase:firebase-auth:20.0.2] AndroidManifest.xml:46:13-79
82            android:excludeFromRecents="true"
82-->[com.google.firebase:firebase-auth:20.0.2] AndroidManifest.xml:47:13-46
83            android:exported="true"
83-->[com.google.firebase:firebase-auth:20.0.2] AndroidManifest.xml:48:13-36
84            android:launchMode="singleTask"
84-->[com.google.firebase:firebase-auth:20.0.2] AndroidManifest.xml:49:13-44
85            android:theme="@android:style/Theme.Translucent.NoTitleBar" >
85-->[com.google.firebase:firebase-auth:20.0.2] AndroidManifest.xml:50:13-72
86            <intent-filter>
86-->[com.google.firebase:firebase-auth:20.0.2] AndroidManifest.xml:51:13-61:29
87                <action android:name="android.intent.action.VIEW" />
87-->src\main\AndroidManifest.xml:27:17-69
87-->src\main\AndroidManifest.xml:27:25-66
88
89                <category android:name="android.intent.category.DEFAULT" />
89-->src\main\AndroidManifest.xml:29:17-76
89-->src\main\AndroidManifest.xml:29:27-73
90                <category android:name="android.intent.category.BROWSABLE" />
90-->src\main\AndroidManifest.xml:30:17-78
90-->src\main\AndroidManifest.xml:30:27-75
91
92                <data
92-->src\main\AndroidManifest.xml:32:17-34:54
93                    android:host="firebase.auth"
94                    android:path="/"
95                    android:scheme="recaptcha" />
95-->src\main\AndroidManifest.xml:33:21-70
96            </intent-filter>
97        </activity>
98
99        <service
99-->[com.google.firebase:firebase-auth:20.0.2] AndroidManifest.xml:64:9-73:19
100            android:name="com.google.firebase.auth.api.fallback.service.FirebaseAuthFallbackService"
100-->[com.google.firebase:firebase-auth:20.0.2] AndroidManifest.xml:65:13-101
101            android:enabled="true"
101-->[com.google.firebase:firebase-auth:20.0.2] AndroidManifest.xml:66:13-35
102            android:exported="false" >
102-->[com.google.firebase:firebase-auth:20.0.2] AndroidManifest.xml:67:13-37
103            <intent-filter>
103-->[com.google.firebase:firebase-auth:20.0.2] AndroidManifest.xml:68:13-72:29
104                <action android:name="com.google.firebase.auth.api.gms.service.START" />
104-->[com.google.firebase:firebase-auth:20.0.2] AndroidManifest.xml:69:17-89
104-->[com.google.firebase:firebase-auth:20.0.2] AndroidManifest.xml:69:25-86
105
106                <category android:name="android.intent.category.DEFAULT" />
106-->src\main\AndroidManifest.xml:29:17-76
106-->src\main\AndroidManifest.xml:29:27-73
107            </intent-filter>
108        </service>
109        <service
109-->[com.google.firebase:firebase-auth:20.0.2] AndroidManifest.xml:74:9-80:19
110            android:name="com.google.firebase.components.ComponentDiscoveryService"
110-->[com.google.firebase:firebase-auth:20.0.2] AndroidManifest.xml:75:13-84
111            android:directBootAware="true"
111-->[com.google.firebase:firebase-common:19.5.0] AndroidManifest.xml:35:13-43
112            android:exported="false" >
112-->[com.google.firebase:firebase-auth:20.0.2] AndroidManifest.xml:76:13-37
113            <meta-data
113-->[com.google.firebase:firebase-auth:20.0.2] AndroidManifest.xml:77:13-79:85
114                android:name="com.google.firebase.components:com.google.firebase.auth.FirebaseAuthRegistrar"
114-->[com.google.firebase:firebase-auth:20.0.2] AndroidManifest.xml:78:17-109
115                android:value="com.google.firebase.components.ComponentRegistrar" />
115-->[com.google.firebase:firebase-auth:20.0.2] AndroidManifest.xml:79:17-82
116            <meta-data
116-->[com.google.firebase:firebase-database:19.6.0] AndroidManifest.xml:32:13-34:85
117                android:name="com.google.firebase.components:com.google.firebase.database.DatabaseRegistrar"
117-->[com.google.firebase:firebase-database:19.6.0] AndroidManifest.xml:33:17-109
118                android:value="com.google.firebase.components.ComponentRegistrar" />
118-->[com.google.firebase:firebase-database:19.6.0] AndroidManifest.xml:34:17-82
119            <meta-data
119-->[com.google.firebase:firebase-storage:19.2.0] AndroidManifest.xml:33:13-35:85
120                android:name="com.google.firebase.components:com.google.firebase.storage.StorageRegistrar"
120-->[com.google.firebase:firebase-storage:19.2.0] AndroidManifest.xml:34:17-107
121                android:value="com.google.firebase.components.ComponentRegistrar" />
121-->[com.google.firebase:firebase-storage:19.2.0] AndroidManifest.xml:35:17-82
122            <meta-data
122-->[com.google.android.gms:play-services-measurement-api:17.2.1] AndroidManifest.xml:30:13-32:85
123                android:name="com.google.firebase.components:com.google.firebase.analytics.connector.internal.AnalyticsConnectorRegistrar"
123-->[com.google.android.gms:play-services-measurement-api:17.2.1] AndroidManifest.xml:31:17-139
124                android:value="com.google.firebase.components.ComponentRegistrar" />
124-->[com.google.android.gms:play-services-measurement-api:17.2.1] AndroidManifest.xml:32:17-82
125            <meta-data
125-->[com.google.firebase:firebase-iid:20.0.0] AndroidManifest.xml:32:13-34:85
126                android:name="com.google.firebase.components:com.google.firebase.iid.Registrar"
126-->[com.google.firebase:firebase-iid:20.0.0] AndroidManifest.xml:33:17-96
127                android:value="com.google.firebase.components.ComponentRegistrar" />
127-->[com.google.firebase:firebase-iid:20.0.0] AndroidManifest.xml:34:17-82
128            <!--
129                This registrar is not defined in the dynamic-module-support sdk itself to allow non-firebase
130                clients to use it as well, by defining this registrar in their own core/common library.
131            -->
132            <meta-data
132-->[com.google.firebase:firebase-common:19.5.0] AndroidManifest.xml:43:13-45:85
133                android:name="com.google.firebase.components:com.google.firebase.dynamicloading.DynamicLoadingRegistrar"
133-->[com.google.firebase:firebase-common:19.5.0] AndroidManifest.xml:44:17-121
134                android:value="com.google.firebase.components.ComponentRegistrar" />
134-->[com.google.firebase:firebase-common:19.5.0] AndroidManifest.xml:45:17-82
135        </service>
136        <!--
137             FirebaseMessagingService performs security checks at runtime,
138             but set to not exported to explicitly avoid allowing another app to call it.
139        -->
140        <service
140-->[com.google.firebase:firebase-messaging:20.0.0] AndroidManifest.xml:28:9-34:19
141            android:name="com.google.firebase.messaging.FirebaseMessagingService"
141-->[com.google.firebase:firebase-messaging:20.0.0] AndroidManifest.xml:29:13-82
142            android:exported="false" >
142-->[com.google.firebase:firebase-messaging:20.0.0] AndroidManifest.xml:30:13-37
143            <intent-filter android:priority="-500" >
143-->[com.google.firebase:firebase-messaging:20.0.0] AndroidManifest.xml:31:13-33:29
143-->[com.google.firebase:firebase-messaging:20.0.0] AndroidManifest.xml:31:28-51
144                <action android:name="com.google.firebase.MESSAGING_EVENT" />
144-->[com.google.firebase:firebase-messaging:20.0.0] AndroidManifest.xml:32:17-78
144-->[com.google.firebase:firebase-messaging:20.0.0] AndroidManifest.xml:32:25-75
145            </intent-filter>
146        </service>
147
148        <provider
148-->[com.squareup.picasso:picasso:2.71828] AndroidManifest.xml:8:9-11:40
149            android:name="com.squareup.picasso.PicassoProvider"
149-->[com.squareup.picasso:picasso:2.71828] AndroidManifest.xml:9:13-64
150            android:authorities="com.example.testapp.com.squareup.picasso"
150-->[com.squareup.picasso:picasso:2.71828] AndroidManifest.xml:10:13-72
151            android:exported="false" />
151-->[com.squareup.picasso:picasso:2.71828] AndroidManifest.xml:11:13-37
152
153        <receiver
153-->[com.google.firebase:firebase-iid:20.0.0] AndroidManifest.xml:37:9-44:20
154            android:name="com.google.firebase.iid.FirebaseInstanceIdReceiver"
154-->[com.google.firebase:firebase-iid:20.0.0] AndroidManifest.xml:38:13-78
155            android:exported="true"
155-->[com.google.firebase:firebase-iid:20.0.0] AndroidManifest.xml:39:13-36
156            android:permission="com.google.android.c2dm.permission.SEND" >
156-->[com.google.firebase:firebase-iid:20.0.0] AndroidManifest.xml:40:13-73
157            <intent-filter>
157-->[com.google.firebase:firebase-iid:20.0.0] AndroidManifest.xml:41:13-43:29
158                <action android:name="com.google.android.c2dm.intent.RECEIVE" />
158-->[com.google.firebase:firebase-iid:20.0.0] AndroidManifest.xml:42:17-81
158-->[com.google.firebase:firebase-iid:20.0.0] AndroidManifest.xml:42:25-78
159            </intent-filter>
160        </receiver>
161
162        <activity
162-->[com.google.android.gms:play-services-base:17.1.0] AndroidManifest.xml:23:9-26:75
163            android:name="com.google.android.gms.common.api.GoogleApiActivity"
163-->[com.google.android.gms:play-services-base:17.1.0] AndroidManifest.xml:24:13-79
164            android:exported="false"
164-->[com.google.android.gms:play-services-base:17.1.0] AndroidManifest.xml:25:13-37
165            android:theme="@android:style/Theme.Translucent.NoTitleBar" />
165-->[com.google.android.gms:play-services-base:17.1.0] AndroidManifest.xml:26:13-72
166        <!--
167         The initialization ContentProvider will call FacebookSdk.sdkInitialize automatically
168         with the application context. This config is merged in with the host app's manifest,
169         but there can only be one provider with the same authority activated at any given
170         point; so if the end user has two or more different apps that use Facebook SDK, only the
171         first one will be able to use the provider. To work around this problem, we use the
172         following placeholder in the authority to identify each host application as if it was
173         a completely different provider.
174        -->
175        <provider
175-->[com.facebook.android:facebook-core:4.42.0] AndroidManifest.xml:39:9-42:40
176            android:name="com.facebook.internal.FacebookInitProvider"
176-->[com.facebook.android:facebook-core:4.42.0] AndroidManifest.xml:40:13-70
177            android:authorities="com.example.testapp.FacebookInitProvider"
177-->[com.facebook.android:facebook-core:4.42.0] AndroidManifest.xml:41:13-72
178            android:exported="false" />
178-->[com.facebook.android:facebook-core:4.42.0] AndroidManifest.xml:42:13-37
179
180        <receiver
180-->[com.facebook.android:facebook-core:4.42.0] AndroidManifest.xml:44:9-50:20
181            android:name="com.facebook.CurrentAccessTokenExpirationBroadcastReceiver"
181-->[com.facebook.android:facebook-core:4.42.0] AndroidManifest.xml:45:13-86
182            android:exported="false" >
182-->[com.facebook.android:facebook-core:4.42.0] AndroidManifest.xml:46:13-37
183            <intent-filter>
183-->[com.facebook.android:facebook-core:4.42.0] AndroidManifest.xml:47:13-49:29
184                <action android:name="com.facebook.sdk.ACTION_CURRENT_ACCESS_TOKEN_CHANGED" />
184-->[com.facebook.android:facebook-core:4.42.0] AndroidManifest.xml:48:17-95
184-->[com.facebook.android:facebook-core:4.42.0] AndroidManifest.xml:48:25-92
185            </intent-filter>
186        </receiver>
187        <receiver
187-->[com.google.android.gms:play-services-measurement:17.2.1] AndroidManifest.xml:29:9-33:20
188            android:name="com.google.android.gms.measurement.AppMeasurementReceiver"
188-->[com.google.android.gms:play-services-measurement:17.2.1] AndroidManifest.xml:30:13-85
189            android:enabled="true"
189-->[com.google.android.gms:play-services-measurement:17.2.1] AndroidManifest.xml:31:13-35
190            android:exported="false" >
190-->[com.google.android.gms:play-services-measurement:17.2.1] AndroidManifest.xml:32:13-37
191        </receiver>
192        <receiver
192-->[com.google.android.gms:play-services-measurement:17.2.1] AndroidManifest.xml:34:9-42:20
193            android:name="com.google.android.gms.measurement.AppMeasurementInstallReferrerReceiver"
193-->[com.google.android.gms:play-services-measurement:17.2.1] AndroidManifest.xml:35:13-100
194            android:enabled="true"
194-->[com.google.android.gms:play-services-measurement:17.2.1] AndroidManifest.xml:36:13-35
195            android:exported="true"
195-->[com.google.android.gms:play-services-measurement:17.2.1] AndroidManifest.xml:37:13-36
196            android:permission="android.permission.INSTALL_PACKAGES" >
196-->[com.google.android.gms:play-services-measurement:17.2.1] AndroidManifest.xml:38:13-69
197            <intent-filter>
197-->[com.google.android.gms:play-services-measurement:17.2.1] AndroidManifest.xml:39:13-41:29
198                <action android:name="com.android.vending.INSTALL_REFERRER" />
198-->[com.google.android.gms:play-services-measurement:17.2.1] AndroidManifest.xml:40:17-79
198-->[com.google.android.gms:play-services-measurement:17.2.1] AndroidManifest.xml:40:25-76
199            </intent-filter>
200        </receiver>
201
202        <service
202-->[com.google.android.gms:play-services-measurement:17.2.1] AndroidManifest.xml:44:9-47:40
203            android:name="com.google.android.gms.measurement.AppMeasurementService"
203-->[com.google.android.gms:play-services-measurement:17.2.1] AndroidManifest.xml:45:13-84
204            android:enabled="true"
204-->[com.google.android.gms:play-services-measurement:17.2.1] AndroidManifest.xml:46:13-35
205            android:exported="false" />
205-->[com.google.android.gms:play-services-measurement:17.2.1] AndroidManifest.xml:47:13-37
206        <service
206-->[com.google.android.gms:play-services-measurement:17.2.1] AndroidManifest.xml:48:9-52:72
207            android:name="com.google.android.gms.measurement.AppMeasurementJobService"
207-->[com.google.android.gms:play-services-measurement:17.2.1] AndroidManifest.xml:49:13-87
208            android:enabled="true"
208-->[com.google.android.gms:play-services-measurement:17.2.1] AndroidManifest.xml:50:13-35
209            android:exported="false"
209-->[com.google.android.gms:play-services-measurement:17.2.1] AndroidManifest.xml:51:13-37
210            android:permission="android.permission.BIND_JOB_SERVICE" />
210-->[com.google.android.gms:play-services-measurement:17.2.1] AndroidManifest.xml:52:13-69
211
212        <provider
212-->[com.google.firebase:firebase-common:19.5.0] AndroidManifest.xml:26:9-31:39
213            android:name="com.google.firebase.provider.FirebaseInitProvider"
213-->[com.google.firebase:firebase-common:19.5.0] AndroidManifest.xml:27:13-77
214            android:authorities="com.example.testapp.firebaseinitprovider"
214-->[com.google.firebase:firebase-common:19.5.0] AndroidManifest.xml:28:13-72
215            android:directBootAware="true"
215-->[com.google.firebase:firebase-common:19.5.0] AndroidManifest.xml:29:13-43
216            android:exported="false"
216-->[com.google.firebase:firebase-common:19.5.0] AndroidManifest.xml:30:13-37
217            android:initOrder="100" />
217-->[com.google.firebase:firebase-common:19.5.0] AndroidManifest.xml:31:13-36
218
219        <meta-data
219-->[com.google.android.gms:play-services-basement:17.1.0] AndroidManifest.xml:23:9-25:69
220            android:name="com.google.android.gms.version"
220-->[com.google.android.gms:play-services-basement:17.1.0] AndroidManifest.xml:24:13-58
221            android:value="@integer/google_play_services_version" />
221-->[com.google.android.gms:play-services-basement:17.1.0] AndroidManifest.xml:25:13-66
222
223        <provider
223-->[androidx.lifecycle:lifecycle-process:2.2.0] AndroidManifest.xml:25:9-29:43
224            android:name="androidx.lifecycle.ProcessLifecycleOwnerInitializer"
224-->[androidx.lifecycle:lifecycle-process:2.2.0] AndroidManifest.xml:26:13-79
225            android:authorities="com.example.testapp.lifecycle-process"
225-->[androidx.lifecycle:lifecycle-process:2.2.0] AndroidManifest.xml:27:13-69
226            android:exported="false"
226-->[androidx.lifecycle:lifecycle-process:2.2.0] AndroidManifest.xml:28:13-37
227            android:multiprocess="true" />
227-->[androidx.lifecycle:lifecycle-process:2.2.0] AndroidManifest.xml:29:13-40
228    </application>
229
230</manifest>